<?xml version="1.0" encoding="UTF-8" standalone="yes"?>
<ns2:test-suite start="1606749830200" stop="1606749931121" version="1.5.2" xmlns:ns2="urn:model.allure.qatools.yandex.ru">
    <name>As a Ryanair user I login, attempt to make book a flight with invalid card information</name>
    <description type="text"></description>
    <test-cases>
        <test-case start="1606749830211" stop="1606749931119" status="broken">
            <name>Login into Ryanair, Book a flight, enter invalid card information and payment is declined</name>
            <title>Login into Ryanair, Book a flight, enter invalid card information and payment is declined</title>
            <description type="text"></description>
            <failure>
                <message>CucumberException: Arity mismatch: Step Definition 'com.cucumberFramework.stepdefinitions.RyanAirProjectStepDefinitions.IPayForBookingWithCardDetails(String,String,String) in file:/C:/Users/MirH/Downloads/Cucumber-BDD-Automation-Framework-master/Cucumber-BDD-Automation-Framework-master/target/classes/' with pattern [^I pay for booking with card details "([^"]*)" , 10/21 and "([^"]*)"$] is declared with 3 parameters. However, the gherkin step has 2 arguments [5555 5555 5555 5557, 265]. 
Step: When I pay for booking with card details "5555 5555 5555 5557" , 10/21 and "265"</message>
                <stack-trace>cucumber.runtime.CucumberException: Arity mismatch: Step Definition 'com.cucumberFramework.stepdefinitions.RyanAirProjectStepDefinitions.IPayForBookingWithCardDetails(String,String,String) in file:/C:/Users/MirH/Downloads/Cucumber-BDD-Automation-Framework-master/Cucumber-BDD-Automation-Framework-master/target/classes/' with pattern [^I pay for booking with card details "([^"]*)" , 10/21 and "([^"]*)"$] is declared with 3 parameters. However, the gherkin step has 2 arguments [5555 5555 5555 5557, 265]. 
Step: When I pay for booking with card details "5555 5555 5555 5557" , 10/21 and "265"
	at cucumber.runtime.StepDefinitionMatch.arityMismatch(StepDefinitionMatch.java:102)
	at cucumber.runtime.StepDefinitionMatch.transformedArgs(StepDefinitionMatch.java:60)
	at cucumber.runtime.StepDefinitionMatch.runStep(StepDefinitionMatch.java:37)
	at cucumber.runtime.Runtime.runStep(Runtime.java:300)
	at cucumber.runtime.model.StepContainer.runStep(StepContainer.java:44)
	at cucumber.runtime.model.StepContainer.runSteps(StepContainer.java:39)
	at cucumber.runtime.model.CucumberScenario.run(CucumberScenario.java:44)
	at cucumber.runtime.model.CucumberFeature.run(CucumberFeature.java:165)
	at cucumber.api.testng.TestNGCucumberRunner.runCucumber(TestNGCucumberRunner.java:63)
	at com.cucumberFramework.testRunner.TestRunner.feature(TestRunner.java:27)
	at sun.reflect.NativeMethodAccessorImpl.invoke0(Native Method)
	at sun.reflect.NativeMethodAccessorImpl.invoke(NativeMethodAccessorImpl.java:62)
	at sun.reflect.DelegatingMethodAccessorImpl.invoke(DelegatingMethodAccessorImpl.java:43)
	at java.lang.reflect.Method.invoke(Method.java:498)
	at org.testng.internal.MethodInvocationHelper.invokeMethod(MethodInvocationHelper.java:86)
	at org.testng.internal.Invoker.invokeMethod(Invoker.java:643)
	at org.testng.internal.Invoker.invokeTestMethod(Invoker.java:820)
	at org.testng.internal.Invoker.invokeTestMethods(Invoker.java:1128)
	at org.testng.internal.TestMethodWorker.invokeTestMethods(TestMethodWorker.java:129)
	at org.testng.internal.TestMethodWorker.run(TestMethodWorker.java:112)
	at org.testng.TestRunner.privateRun(TestRunner.java:782)
	at org.testng.TestRunner.run(TestRunner.java:632)
	at org.testng.SuiteRunner.runTest(SuiteRunner.java:366)
	at org.testng.SuiteRunner.runSequentially(SuiteRunner.java:361)
	at org.testng.SuiteRunner.privateRun(SuiteRunner.java:319)
	at org.testng.SuiteRunner.run(SuiteRunner.java:268)
	at org.testng.SuiteRunnerWorker.runSuite(SuiteRunnerWorker.java:52)
	at org.testng.SuiteRunnerWorker.run(SuiteRunnerWorker.java:86)
	at org.testng.TestNG.runSuitesSequentially(TestNG.java:1244)
	at org.testng.TestNG.runSuitesLocally(TestNG.java:1169)
	at org.testng.TestNG.run(TestNG.java:1064)
	at org.testng.remote.AbstractRemoteTestNG.run(AbstractRemoteTestNG.java:115)
	at org.testng.remote.RemoteTestNG.initAndRun(RemoteTestNG.java:251)
	at org.testng.remote.RemoteTestNG.main(RemoteTestNG.java:77)
</stack-trace>
            </failure>
            <steps>
                <step start="1606749834207" stop="1606749928281" status="passed">
                    <name>Given I make a booking from "DUB" to "SXF" on 12/03/2020 for 2 adults and 1 child</name>
                    <title>Given I make a booking from "DUB" to "SXF" on 12/03/2020 for 2 adults and 1 child</title>
                </step>
                <step start="1606749928282" stop="1606749928430" status="broken">
                    <name>When I pay for booking with card details "5555 5555 5555 5557" , 10/21 and "265"</name>
                    <title>When I pay for booking with card details "5555 5555 5555 5557" , 10/21 and "265"</title>
                </step>
                <step start="1606749928430" stop="1606749928442" status="canceled">
                    <name>Then I should get payment declined message</name>
                    <title>Then I should get payment declined message</title>
                </step>
            </steps>
            <attachments>
                <attachment title="attachment0" source="c0e8ae75-28e3-4180-aab9-fab4a4698151-attachment.png" type="image/png"/>
            </attachments>
            <labels>
                <label name="story" value="Login into Ryanair, Book a flight, enter invalid card information and payment is declined"/>
                <label name="feature" value="As a Ryanair user I login, attempt to make book a flight with invalid card information"/>
                <label name="host" value="ND9VS3X2"/>
                <label name="thread" value="34688@ND9VS3X2.main(1)"/>
                <label name="framework" value="CucumberJVM"/>
            </labels>
        </test-case>
    </test-cases>
    <labels>
        <label name="feature" value="As a Ryanair user I login, attempt to make book a flight with invalid card information"/>
        <label name="language" value="JAVA"/>
    </labels>
</ns2:test-suite>
