<?xml version="1.0" encoding="UTF-8" standalone="yes"?>
<ns2:test-suite start="1606749724874" stop="1606749746483" version="1.5.2" xmlns:ns2="urn:model.allure.qatools.yandex.ru">
    <name>As a Ryanair user I login, attempt to make book a flight with invalid card information</name>
    <description type="text"></description>
    <test-cases>
        <test-case start="1606749724881" stop="1606749746481" status="broken">
            <name>Login into Ryanair, Book a flight, enter invalid card information and payment is declined</name>
            <title>Login into Ryanair, Book a flight, enter invalid card information and payment is declined</title>
            <description type="text"></description>
            <failure>
                <message>ElementNotInteractableException: element not interactable
  (Session info: chrome=78.0.3904.87)
Build info: version: '3.11.0', revision: 'e59cfb3', time: '2018-03-11T20:26:55.152Z'
System info: host: 'ND9VS3X2', ip: '192.168.0.164', os.name: 'Windows 10', os.arch: 'amd64', os.version: '10.0', java.version: '1.8.0_231'
Driver info: org.openqa.selenium.chrome.ChromeDriver
Capabilities {acceptInsecureCerts: false, browserName: chrome, browserVersion: 78.0.3904.87, chrome: {chromedriverVersion: 78.0.3904.105 (60e2d8774a81..., userDataDir: C:\Users\MirH\AppData\Local...}, goog:chromeOptions: {debuggerAddress: localhost:63484}, javascriptEnabled: true, networkConnectionEnabled: false, pageLoadStrategy: normal, platform: XP, platformName: XP, proxy: Proxy(), setWindowRect: true, strictFileInteractability: false, timeouts: {implicit: 0, pageLoad: 300000, script: 30000}, unhandledPromptBehavior: dismiss and notify}
Session ID: 3f9571680dce24d43533215fb9bc0844</message>
                <stack-trace>org.openqa.selenium.ElementNotInteractableException: element not interactable
  (Session info: chrome=78.0.3904.87)
Build info: version: '3.11.0', revision: 'e59cfb3', time: '2018-03-11T20:26:55.152Z'
System info: host: 'ND9VS3X2', ip: '192.168.0.164', os.name: 'Windows 10', os.arch: 'amd64', os.version: '10.0', java.version: '1.8.0_231'
Driver info: org.openqa.selenium.chrome.ChromeDriver
Capabilities {acceptInsecureCerts: false, browserName: chrome, browserVersion: 78.0.3904.87, chrome: {chromedriverVersion: 78.0.3904.105 (60e2d8774a81..., userDataDir: C:\Users\MirH\AppData\Local...}, goog:chromeOptions: {debuggerAddress: localhost:63484}, javascriptEnabled: true, networkConnectionEnabled: false, pageLoadStrategy: normal, platform: XP, platformName: XP, proxy: Proxy(), setWindowRect: true, strictFileInteractability: false, timeouts: {implicit: 0, pageLoad: 300000, script: 30000}, unhandledPromptBehavior: dismiss and notify}
Session ID: 3f9571680dce24d43533215fb9bc0844
	at sun.reflect.NativeConstructorAccessorImpl.newInstance0(Native Method)
	at sun.reflect.NativeConstructorAccessorImpl.newInstance(NativeConstructorAccessorImpl.java:62)
	at sun.reflect.DelegatingConstructorAccessorImpl.newInstance(DelegatingConstructorAccessorImpl.java:45)
	at java.lang.reflect.Constructor.newInstance(Constructor.java:423)
	at org.openqa.selenium.remote.http.W3CHttpResponseCodec.createException(W3CHttpResponseCodec.java:187)
	at org.openqa.selenium.remote.http.W3CHttpResponseCodec.decode(W3CHttpResponseCodec.java:122)
	at org.openqa.selenium.remote.http.W3CHttpResponseCodec.decode(W3CHttpResponseCodec.java:49)
	at org.openqa.selenium.remote.HttpCommandExecutor.execute(HttpCommandExecutor.java:158)
	at org.openqa.selenium.remote.service.DriverCommandExecutor.execute(DriverCommandExecutor.java:83)
	at org.openqa.selenium.remote.RemoteWebDriver.execute(RemoteWebDriver.java:545)
	at org.openqa.selenium.remote.RemoteWebElement.execute(RemoteWebElement.java:279)
	at org.openqa.selenium.remote.RemoteWebElement.sendKeys(RemoteWebElement.java:100)
	at com.cucumberFramework.pageObjects.RyanairHomePage.loginToAccountViaGoogle(RyanairHomePage.java:146)
	at com.cucumberFramework.stepdefinitions.RyanAirProjectStepDefinitions.IMakeABooking(RyanAirProjectStepDefinitions.java:37)
	at âœ½.Given I make a booking from "DUB" to "SXF" on 12/03/2020 for 2 adults and 1 child(src/test/resources/features/example/example_payment_decline.feature:5)
</stack-trace>
            </failure>
            <steps>
                <step start="1606749728825" stop="1606749745347" status="broken">
                    <name>Given I make a booking from "DUB" to "SXF" on 12/03/2020 for 2 adults and 1 child</name>
                    <title>Given I make a booking from "DUB" to "SXF" on 12/03/2020 for 2 adults and 1 child</title>
                </step>
                <step start="1606749745348" stop="1606749745350" status="canceled">
                    <name>When I pay for booking with card details "5555 5555 5555 5557" , 10/21 and "265"</name>
                    <title>When I pay for booking with card details "5555 5555 5555 5557" , 10/21 and "265"</title>
                </step>
                <step start="1606749745351" stop="1606749745351" status="canceled">
                    <name>Then I should get payment declined message</name>
                    <title>Then I should get payment declined message</title>
                </step>
            </steps>
            <attachments>
                <attachment title="attachment0" source="db867fc5-f221-4c37-8a1b-f85ea224bc99-attachment.png" type="image/png"/>
            </attachments>
            <labels>
                <label name="story" value="Login into Ryanair, Book a flight, enter invalid card information and payment is declined"/>
                <label name="feature" value="As a Ryanair user I login, attempt to make book a flight with invalid card information"/>
                <label name="host" value="ND9VS3X2"/>
                <label name="thread" value="32160@ND9VS3X2.main(1)"/>
                <label name="framework" value="CucumberJVM"/>
            </labels>
        </test-case>
    </test-cases>
    <labels>
        <label name="feature" value="As a Ryanair user I login, attempt to make book a flight with invalid card information"/>
        <label name="language" value="JAVA"/>
    </labels>
</ns2:test-suite>
