<?xml version="1.0" encoding="UTF-8"?>
<!-- Generated by org.testng.reporters.JUnitXMLReporter -->
<testsuite hostname="ND9VS3X2" name="Regression Test" tests="2" failures="1" timestamp="30 Nov 2020 19:01:10 GMT" time="92.706" errors="0">
  <testcase name="feature" time="52.035" classname="com.cucumberFramework.testRunner.TestRunner1">
    <failure type="cucumber.runtime.CucumberException" message="junit.framework.AssertionFailedError: Unable to wait and click on the WebElement, using locator: &amp;lt;[[ChromeDriver: chrome on XP (aec80868b6648f416a1686bc6740df13)] -&amp;gt; xpath: (//div[@class=&amp;apos;_label&amp;apos;])[2]]&amp;gt;">
      <![CDATA[cucumber.runtime.CucumberException: junit.framework.AssertionFailedError: Unable to wait and click on the WebElement, using locator: <[[ChromeDriver: chrome on XP (aec80868b6648f416a1686bc6740df13)] -> xpath: (//div[@class='_label'])[2]]]]><![CDATA[>
	at cucumber.api.testng.TestNGCucumberRunner.runCucumber(TestNGCucumberRunner.java:69)
	at com.cucumberFramework.testRunner.TestRunner1.feature(TestRunner1.java:27)
Caused by: junit.framework.AssertionFailedError: Unable to wait and click on the WebElement, using locator: <[[ChromeDriver: chrome on XP (aec80868b6648f416a1686bc6740df13)] -> xpath: (//div[@class='_label'])[2]]]]><![CDATA[>
	at junit.framework.Assert.fail(Assert.java:57)
	at com.cucumberFramework.helper.SeleniumUtils.waitAndClickElement(SeleniumUtils.java:64)
	at com.cucumberFramework.pageObjects.ContactDetailsPage.enterPhoneNumberAndUnCheckBoxes(ContactDetailsPage.java:146)
	at com.cucumberFramework.pageObjects.ContactDetailsPage.enterCardDetailsAndClickPayNow(ContactDetailsPage.java:102)
	at com.cucumberFramework.stepdefinitions.RyanAirProjectStepDefinitions.IPayForBookingWithCardDetails(RyanAirProjectStepDefinitions.java:61)
	at âœ½.When I pay for booking with card details "5555 5555 5555 5557" , 10/21 and "265"(src/test/resources/features/ryanair/ryanair_payment_test.feature:5)
... Removed 27 stack frames]]>
    </failure>
  </testcase> <!-- feature -->
  <testcase name="feature" time="40.369" classname="com.cucumberFramework.testRunner.TestRunner2"/>
</testsuite> <!-- Regression Test -->
